2014/04/14 18:49:00 [error] [php] Array to string conversion (/Applications/MAMP/htdocs/pulsar/protected/views/ajax/AjaxSearchByThemes.php:10)
Stack trace:
#0 /Applications/MAMP/htdocs/pulsar/protected/yii-1.1.13/framework/web/CController.php(869): AjaxController->renderFile()
#1 /Applications/MAMP/htdocs/pulsar/protected/controllers/AjaxController.php(17): AjaxController->renderPartial()
#2 /Applications/MAMP/htdocs/pulsar/protected/yii-1.1.13/framework/web/actions/CInlineAction.php(49): AjaxController->actionAjaxSearchByThemes()
#3 /Applications/MAMP/htdocs/pulsar/protected/yii-1.1.13/framework/web/CController.php(308): CInlineAction->runWithParams()
#4 /Applications/MAMP/htdocs/pulsar/protected/yii-1.1.13/framework/web/CController.php(286): AjaxController->runAction()
#5 /Applications/MAMP/htdocs/pulsar/protected/yii-1.1.13/framework/web/CController.php(265): AjaxController->runActionWithFilters()
#6 /Applications/MAMP/htdocs/pulsar/protected/yii-1.1.13/framework/web/CWebApplication.php(282): AjaxController->run()
#7 /Applications/MAMP/htdocs/pulsar/protected/yii-1.1.13/framework/web/CWebApplication.php(141): CWebApplication->runController()
#8 /Applications/MAMP/htdocs/pulsar/protected/yii-1.1.13/framework/base/CApplication.php(169): CWebApplication->processRequest()
#9 /Applications/MAMP/htdocs/pulsar/index.php(13): CWebApplication->run()
REQUEST_URI=/pulsar/ajax/AjaxSearchByThemes
2014/04/14 18:49:00 [error] [php] Array to string conversion (/Applications/MAMP/htdocs/pulsar/protected/views/ajax/AjaxSearchByThemes.php:10)
Stack trace:
#0 /Applications/MAMP/htdocs/pulsar/protected/yii-1.1.13/framework/web/CController.php(869): AjaxController->renderFile()
#1 /Applications/MAMP/htdocs/pulsar/protected/controllers/AjaxController.php(17): AjaxController->renderPartial()
#2 /Applications/MAMP/htdocs/pulsar/protected/yii-1.1.13/framework/web/actions/CInlineAction.php(49): AjaxController->actionAjaxSearchByThemes()
#3 /Applications/MAMP/htdocs/pulsar/protected/yii-1.1.13/framework/web/CController.php(308): CInlineAction->runWithParams()
#4 /Applications/MAMP/htdocs/pulsar/protected/yii-1.1.13/framework/web/CController.php(286): AjaxController->runAction()
#5 /Applications/MAMP/htdocs/pulsar/protected/yii-1.1.13/framework/web/CController.php(265): AjaxController->runActionWithFilters()
#6 /Applications/MAMP/htdocs/pulsar/protected/yii-1.1.13/framework/web/CWebApplication.php(282): AjaxController->run()
#7 /Applications/MAMP/htdocs/pulsar/protected/yii-1.1.13/framework/web/CWebApplication.php(141): CWebApplication->runController()
#8 /Applications/MAMP/htdocs/pulsar/protected/yii-1.1.13/framework/base/CApplication.php(169): CWebApplication->processRequest()
#9 /Applications/MAMP/htdocs/pulsar/index.php(13): CWebApplication->run()
REQUEST_URI=/pulsar/ajax/AjaxSearchByThemes
2014/04/14 18:49:01 [error] [php] Array to string conversion (/Applications/MAMP/htdocs/pulsar/protected/views/ajax/AjaxSearchByThemes.php:10)
Stack trace:
#0 /Applications/MAMP/htdocs/pulsar/protected/yii-1.1.13/framework/web/CController.php(869): AjaxController->renderFile()
#1 /Applications/MAMP/htdocs/pulsar/protected/controllers/AjaxController.php(17): AjaxController->renderPartial()
#2 /Applications/MAMP/htdocs/pulsar/protected/yii-1.1.13/framework/web/actions/CInlineAction.php(49): AjaxController->actionAjaxSearchByThemes()
#3 /Applications/MAMP/htdocs/pulsar/protected/yii-1.1.13/framework/web/CController.php(308): CInlineAction->runWithParams()
#4 /Applications/MAMP/htdocs/pulsar/protected/yii-1.1.13/framework/web/CController.php(286): AjaxController->runAction()
#5 /Applications/MAMP/htdocs/pulsar/protected/yii-1.1.13/framework/web/CController.php(265): AjaxController->runActionWithFilters()
#6 /Applications/MAMP/htdocs/pulsar/protected/yii-1.1.13/framework/web/CWebApplication.php(282): AjaxController->run()
#7 /Applications/MAMP/htdocs/pulsar/protected/yii-1.1.13/framework/web/CWebApplication.php(141): CWebApplication->runController()
#8 /Applications/MAMP/htdocs/pulsar/protected/yii-1.1.13/framework/base/CApplication.php(169): CWebApplication->processRequest()
#9 /Applications/MAMP/htdocs/pulsar/index.php(13): CWebApplication->run()
REQUEST_URI=/pulsar/ajax/AjaxSearchByThemes
2014/04/14 18:49:06 [error] [php] Array to string conversion (/Applications/MAMP/htdocs/pulsar/protected/views/ajax/AjaxSearchByThemes.php:10)
Stack trace:
#0 /Applications/MAMP/htdocs/pulsar/protected/yii-1.1.13/framework/web/CController.php(869): AjaxController->renderFile()
#1 /Applications/MAMP/htdocs/pulsar/protected/controllers/AjaxController.php(17): AjaxController->renderPartial()
#2 /Applications/MAMP/htdocs/pulsar/protected/yii-1.1.13/framework/web/actions/CInlineAction.php(49): AjaxController->actionAjaxSearchByThemes()
#3 /Applications/MAMP/htdocs/pulsar/protected/yii-1.1.13/framework/web/CController.php(308): CInlineAction->runWithParams()
#4 /Applications/MAMP/htdocs/pulsar/protected/yii-1.1.13/framework/web/CController.php(286): AjaxController->runAction()
#5 /Applications/MAMP/htdocs/pulsar/protected/yii-1.1.13/framework/web/CController.php(265): AjaxController->runActionWithFilters()
#6 /Applications/MAMP/htdocs/pulsar/protected/yii-1.1.13/framework/web/CWebApplication.php(282): AjaxController->run()
#7 /Applications/MAMP/htdocs/pulsar/protected/yii-1.1.13/framework/web/CWebApplication.php(141): CWebApplication->runController()
#8 /Applications/MAMP/htdocs/pulsar/protected/yii-1.1.13/framework/base/CApplication.php(169): CWebApplication->processRequest()
#9 /Applications/MAMP/htdocs/pulsar/index.php(13): CWebApplication->run()
REQUEST_URI=/pulsar/ajax/AjaxSearchByThemes
2014/04/14 18:49:07 [error] [php] Array to string conversion (/Applications/MAMP/htdocs/pulsar/protected/views/ajax/AjaxSearchByThemes.php:10)
Stack trace:
#0 /Applications/MAMP/htdocs/pulsar/protected/yii-1.1.13/framework/web/CController.php(869): AjaxController->renderFile()
#1 /Applications/MAMP/htdocs/pulsar/protected/controllers/AjaxController.php(17): AjaxController->renderPartial()
#2 /Applications/MAMP/htdocs/pulsar/protected/yii-1.1.13/framework/web/actions/CInlineAction.php(49): AjaxController->actionAjaxSearchByThemes()
#3 /Applications/MAMP/htdocs/pulsar/protected/yii-1.1.13/framework/web/CController.php(308): CInlineAction->runWithParams()
#4 /Applications/MAMP/htdocs/pulsar/protected/yii-1.1.13/framework/web/CController.php(286): AjaxController->runAction()
#5 /Applications/MAMP/htdocs/pulsar/protected/yii-1.1.13/framework/web/CController.php(265): AjaxController->runActionWithFilters()
#6 /Applications/MAMP/htdocs/pulsar/protected/yii-1.1.13/framework/web/CWebApplication.php(282): AjaxController->run()
#7 /Applications/MAMP/htdocs/pulsar/protected/yii-1.1.13/framework/web/CWebApplication.php(141): CWebApplication->runController()
#8 /Applications/MAMP/htdocs/pulsar/protected/yii-1.1.13/framework/base/CApplication.php(169): CWebApplication->processRequest()
#9 /Applications/MAMP/htdocs/pulsar/index.php(13): CWebApplication->run()
REQUEST_URI=/pulsar/ajax/AjaxSearchByThemes
2014/04/14 18:49:07 [error] [php] Array to string conversion (/Applications/MAMP/htdocs/pulsar/protected/views/ajax/AjaxSearchByThemes.php:10)
Stack trace:
#0 /Applications/MAMP/htdocs/pulsar/protected/yii-1.1.13/framework/web/CController.php(869): AjaxController->renderFile()
#1 /Applications/MAMP/htdocs/pulsar/protected/controllers/AjaxController.php(17): AjaxController->renderPartial()
#2 /Applications/MAMP/htdocs/pulsar/protected/yii-1.1.13/framework/web/actions/CInlineAction.php(49): AjaxController->actionAjaxSearchByThemes()
#3 /Applications/MAMP/htdocs/pulsar/protected/yii-1.1.13/framework/web/CController.php(308): CInlineAction->runWithParams()
#4 /Applications/MAMP/htdocs/pulsar/protected/yii-1.1.13/framework/web/CController.php(286): AjaxController->runAction()
#5 /Applications/MAMP/htdocs/pulsar/protected/yii-1.1.13/framework/web/CController.php(265): AjaxController->runActionWithFilters()
#6 /Applications/MAMP/htdocs/pulsar/protected/yii-1.1.13/framework/web/CWebApplication.php(282): AjaxController->run()
#7 /Applications/MAMP/htdocs/pulsar/protected/yii-1.1.13/framework/web/CWebApplication.php(141): CWebApplication->runController()
#8 /Applications/MAMP/htdocs/pulsar/protected/yii-1.1.13/framework/base/CApplication.php(169): CWebApplication->processRequest()
#9 /Applications/MAMP/htdocs/pulsar/index.php(13): CWebApplication->run()
REQUEST_URI=/pulsar/ajax/AjaxSearchByThemes
2014/04/14 18:49:08 [error] [php] Array to string conversion (/Applications/MAMP/htdocs/pulsar/protected/views/ajax/AjaxSearchByThemes.php:10)
Stack trace:
#0 /Applications/MAMP/htdocs/pulsar/protected/yii-1.1.13/framework/web/CController.php(869): AjaxController->renderFile()
#1 /Applications/MAMP/htdocs/pulsar/protected/controllers/AjaxController.php(17): AjaxController->renderPartial()
#2 /Applications/MAMP/htdocs/pulsar/protected/yii-1.1.13/framework/web/actions/CInlineAction.php(49): AjaxController->actionAjaxSearchByThemes()
#3 /Applications/MAMP/htdocs/pulsar/protected/yii-1.1.13/framework/web/CController.php(308): CInlineAction->runWithParams()
#4 /Applications/MAMP/htdocs/pulsar/protected/yii-1.1.13/framework/web/CController.php(286): AjaxController->runAction()
#5 /Applications/MAMP/htdocs/pulsar/protected/yii-1.1.13/framework/web/CController.php(265): AjaxController->runActionWithFilters()
#6 /Applications/MAMP/htdocs/pulsar/protected/yii-1.1.13/framework/web/CWebApplication.php(282): AjaxController->run()
#7 /Applications/MAMP/htdocs/pulsar/protected/yii-1.1.13/framework/web/CWebApplication.php(141): CWebApplication->runController()
#8 /Applications/MAMP/htdocs/pulsar/protected/yii-1.1.13/framework/base/CApplication.php(169): CWebApplication->processRequest()
#9 /Applications/MAMP/htdocs/pulsar/index.php(13): CWebApplication->run()
REQUEST_URI=/pulsar/ajax/AjaxSearchByThemes
2014/04/14 18:49:08 [error] [php] Array to string conversion (/Applications/MAMP/htdocs/pulsar/protected/views/ajax/AjaxSearchByThemes.php:10)
Stack trace:
#0 /Applications/MAMP/htdocs/pulsar/protected/yii-1.1.13/framework/web/CController.php(869): AjaxController->renderFile()
#1 /Applications/MAMP/htdocs/pulsar/protected/controllers/AjaxController.php(17): AjaxController->renderPartial()
#2 /Applications/MAMP/htdocs/pulsar/protected/yii-1.1.13/framework/web/actions/CInlineAction.php(49): AjaxController->actionAjaxSearchByThemes()
#3 /Applications/MAMP/htdocs/pulsar/protected/yii-1.1.13/framework/web/CController.php(308): CInlineAction->runWithParams()
#4 /Applications/MAMP/htdocs/pulsar/protected/yii-1.1.13/framework/web/CController.php(286): AjaxController->runAction()
#5 /Applications/MAMP/htdocs/pulsar/protected/yii-1.1.13/framework/web/CController.php(265): AjaxController->runActionWithFilters()
#6 /Applications/MAMP/htdocs/pulsar/protected/yii-1.1.13/framework/web/CWebApplication.php(282): AjaxController->run()
#7 /Applications/MAMP/htdocs/pulsar/protected/yii-1.1.13/framework/web/CWebApplication.php(141): CWebApplication->runController()
#8 /Applications/MAMP/htdocs/pulsar/protected/yii-1.1.13/framework/base/CApplication.php(169): CWebApplication->processRequest()
#9 /Applications/MAMP/htdocs/pulsar/index.php(13): CWebApplication->run()
REQUEST_URI=/pulsar/ajax/AjaxSearchByThemes
2014/04/14 18:50:44 [error] [php] Array to string conversion (/Applications/MAMP/htdocs/pulsar/protected/views/ajax/AjaxSearchByThemes.php:10)
Stack trace:
#0 /Applications/MAMP/htdocs/pulsar/protected/yii-1.1.13/framework/web/CController.php(869): AjaxController->renderFile()
#1 /Applications/MAMP/htdocs/pulsar/protected/controllers/AjaxController.php(17): AjaxController->renderPartial()
#2 /Applications/MAMP/htdocs/pulsar/protected/yii-1.1.13/framework/web/actions/CInlineAction.php(49): AjaxController->actionAjaxSearchByThemes()
#3 /Applications/MAMP/htdocs/pulsar/protected/yii-1.1.13/framework/web/CController.php(308): CInlineAction->runWithParams()
#4 /Applications/MAMP/htdocs/pulsar/protected/yii-1.1.13/framework/web/CController.php(286): AjaxController->runAction()
#5 /Applications/MAMP/htdocs/pulsar/protected/yii-1.1.13/framework/web/CController.php(265): AjaxController->runActionWithFilters()
#6 /Applications/MAMP/htdocs/pulsar/protected/yii-1.1.13/framework/web/CWebApplication.php(282): AjaxController->run()
#7 /Applications/MAMP/htdocs/pulsar/protected/yii-1.1.13/framework/web/CWebApplication.php(141): CWebApplication->runController()
#8 /Applications/MAMP/htdocs/pulsar/protected/yii-1.1.13/framework/base/CApplication.php(169): CWebApplication->processRequest()
#9 /Applications/MAMP/htdocs/pulsar/index.php(13): CWebApplication->run()
REQUEST_URI=/pulsar/ajax/AjaxSearchByThemes
2014/04/14 18:51:12 [error] [php] Use of undefined constant id - assumed 'id' (/Applications/MAMP/htdocs/pulsar/protected/dao/ImageOfDao.php:209)
Stack trace:
#0 /Applications/MAMP/htdocs/pulsar/protected/yii-1.1.13/framework/web/CController.php(308): CInlineAction->runWithParams()
#1 /Applications/MAMP/htdocs/pulsar/protected/yii-1.1.13/framework/web/CController.php(286): AjaxController->runAction()
#2 /Applications/MAMP/htdocs/pulsar/protected/yii-1.1.13/framework/web/CController.php(265): AjaxController->runActionWithFilters()
#3 /Applications/MAMP/htdocs/pulsar/protected/yii-1.1.13/framework/web/CWebApplication.php(282): AjaxController->run()
#4 /Applications/MAMP/htdocs/pulsar/protected/yii-1.1.13/framework/web/CWebApplication.php(141): CWebApplication->runController()
#5 /Applications/MAMP/htdocs/pulsar/protected/yii-1.1.13/framework/base/CApplication.php(169): CWebApplication->processRequest()
#6 /Applications/MAMP/htdocs/pulsar/index.php(13): CWebApplication->run()
REQUEST_URI=/pulsar/ajax/AjaxSearchByThemes
2014/04/14 18:51:25 [error] [php] Use of undefined constant id - assumed 'id' (/Applications/MAMP/htdocs/pulsar/protected/dao/ImageOfDao.php:209)
Stack trace:
#0 /Applications/MAMP/htdocs/pulsar/protected/yii-1.1.13/framework/web/CController.php(308): CInlineAction->runWithParams()
#1 /Applications/MAMP/htdocs/pulsar/protected/yii-1.1.13/framework/web/CController.php(286): AjaxController->runAction()
#2 /Applications/MAMP/htdocs/pulsar/protected/yii-1.1.13/framework/web/CController.php(265): AjaxController->runActionWithFilters()
#3 /Applications/MAMP/htdocs/pulsar/protected/yii-1.1.13/framework/web/CWebApplication.php(282): AjaxController->run()
#4 /Applications/MAMP/htdocs/pulsar/protected/yii-1.1.13/framework/web/CWebApplication.php(141): CWebApplication->runController()
#5 /Applications/MAMP/htdocs/pulsar/protected/yii-1.1.13/framework/base/CApplication.php(169): CWebApplication->processRequest()
#6 /Applications/MAMP/htdocs/pulsar/index.php(13): CWebApplication->run()
REQUEST_URI=/pulsar/ajax/AjaxSearchByThemes
2014/04/14 18:51:43 [error] [php] Undefined index: id (/Applications/MAMP/htdocs/pulsar/protected/dao/ImageOfDao.php:209)
Stack trace:
#0 /Applications/MAMP/htdocs/pulsar/protected/yii-1.1.13/framework/web/CController.php(308): CInlineAction->runWithParams()
#1 /Applications/MAMP/htdocs/pulsar/protected/yii-1.1.13/framework/web/CController.php(286): AjaxController->runAction()
#2 /Applications/MAMP/htdocs/pulsar/protected/yii-1.1.13/framework/web/CController.php(265): AjaxController->runActionWithFilters()
#3 /Applications/MAMP/htdocs/pulsar/protected/yii-1.1.13/framework/web/CWebApplication.php(282): AjaxController->run()
#4 /Applications/MAMP/htdocs/pulsar/protected/yii-1.1.13/framework/web/CWebApplication.php(141): CWebApplication->runController()
#5 /Applications/MAMP/htdocs/pulsar/protected/yii-1.1.13/framework/base/CApplication.php(169): CWebApplication->processRequest()
#6 /Applications/MAMP/htdocs/pulsar/index.php(13): CWebApplication->run()
REQUEST_URI=/pulsar/ajax/AjaxSearchByThemes
2014/04/14 18:51:55 [error] [php] Array to string conversion (/Applications/MAMP/htdocs/pulsar/protected/views/ajax/AjaxSearchByThemes.php:10)
Stack trace:
#0 /Applications/MAMP/htdocs/pulsar/protected/yii-1.1.13/framework/web/CController.php(869): AjaxController->renderFile()
#1 /Applications/MAMP/htdocs/pulsar/protected/controllers/AjaxController.php(17): AjaxController->renderPartial()
#2 /Applications/MAMP/htdocs/pulsar/protected/yii-1.1.13/framework/web/actions/CInlineAction.php(49): AjaxController->actionAjaxSearchByThemes()
#3 /Applications/MAMP/htdocs/pulsar/protected/yii-1.1.13/framework/web/CController.php(308): CInlineAction->runWithParams()
#4 /Applications/MAMP/htdocs/pulsar/protected/yii-1.1.13/framework/web/CController.php(286): AjaxController->runAction()
#5 /Applications/MAMP/htdocs/pulsar/protected/yii-1.1.13/framework/web/CController.php(265): AjaxController->runActionWithFilters()
#6 /Applications/MAMP/htdocs/pulsar/protected/yii-1.1.13/framework/web/CWebApplication.php(282): AjaxController->run()
#7 /Applications/MAMP/htdocs/pulsar/protected/yii-1.1.13/framework/web/CWebApplication.php(141): CWebApplication->runController()
#8 /Applications/MAMP/htdocs/pulsar/protected/yii-1.1.13/framework/base/CApplication.php(169): CWebApplication->processRequest()
#9 /Applications/MAMP/htdocs/pulsar/index.php(13): CWebApplication->run()
REQUEST_URI=/pulsar/ajax/AjaxSearchByThemes
2014/04/14 18:58:31 [error] [php] Invalid argument supplied for foreach() (/Applications/MAMP/htdocs/pulsar/protected/views/ajax/AjaxSearchByThemes.php:10)
Stack trace:
#0 /Applications/MAMP/htdocs/pulsar/protected/yii-1.1.13/framework/web/CController.php(869): AjaxController->renderFile()
#1 /Applications/MAMP/htdocs/pulsar/protected/controllers/AjaxController.php(17): AjaxController->renderPartial()
#2 /Applications/MAMP/htdocs/pulsar/protected/yii-1.1.13/framework/web/actions/CInlineAction.php(49): AjaxController->actionAjaxSearchByThemes()
#3 /Applications/MAMP/htdocs/pulsar/protected/yii-1.1.13/framework/web/CController.php(308): CInlineAction->runWithParams()
#4 /Applications/MAMP/htdocs/pulsar/protected/yii-1.1.13/framework/web/CController.php(286): AjaxController->runAction()
#5 /Applications/MAMP/htdocs/pulsar/protected/yii-1.1.13/framework/web/CController.php(265): AjaxController->runActionWithFilters()
#6 /Applications/MAMP/htdocs/pulsar/protected/yii-1.1.13/framework/web/CWebApplication.php(282): AjaxController->run()
#7 /Applications/MAMP/htdocs/pulsar/protected/yii-1.1.13/framework/web/CWebApplication.php(141): CWebApplication->runController()
#8 /Applications/MAMP/htdocs/pulsar/protected/yii-1.1.13/framework/base/CApplication.php(169): CWebApplication->processRequest()
#9 /Applications/MAMP/htdocs/pulsar/index.php(13): CWebApplication->run()
REQUEST_URI=/pulsar/ajax/AjaxSearchByThemes
2014/04/14 19:03:50 [error] [php] Undefined variable: strBalue (/Applications/MAMP/htdocs/pulsar/protected/components/SessionComponents.php:53)
Stack trace:
#0 /Applications/MAMP/htdocs/pulsar/protected/yii-1.1.13/framework/web/actions/CInlineAction.php(49): AjaxController->actionAjaxSearchByThemes()
#1 /Applications/MAMP/htdocs/pulsar/protected/yii-1.1.13/framework/web/CController.php(308): CInlineAction->runWithParams()
#2 /Applications/MAMP/htdocs/pulsar/protected/yii-1.1.13/framework/web/CController.php(286): AjaxController->runAction()
#3 /Applications/MAMP/htdocs/pulsar/protected/yii-1.1.13/framework/web/CController.php(265): AjaxController->runActionWithFilters()
#4 /Applications/MAMP/htdocs/pulsar/protected/yii-1.1.13/framework/web/CWebApplication.php(282): AjaxController->run()
#5 /Applications/MAMP/htdocs/pulsar/protected/yii-1.1.13/framework/web/CWebApplication.php(141): CWebApplication->runController()
#6 /Applications/MAMP/htdocs/pulsar/protected/yii-1.1.13/framework/base/CApplication.php(169): CWebApplication->processRequest()
#7 /Applications/MAMP/htdocs/pulsar/index.php(13): CWebApplication->run()
REQUEST_URI=/pulsar/ajax/AjaxSearchByThemes
2014/04/14 19:04:10 [error] [php] Array to string conversion (/Applications/MAMP/htdocs/pulsar/protected/views/ajax/AjaxSearchByThemes.php:10)
Stack trace:
#0 /Applications/MAMP/htdocs/pulsar/protected/yii-1.1.13/framework/web/CController.php(869): AjaxController->renderFile()
#1 /Applications/MAMP/htdocs/pulsar/protected/controllers/AjaxController.php(17): AjaxController->renderPartial()
#2 /Applications/MAMP/htdocs/pulsar/protected/yii-1.1.13/framework/web/actions/CInlineAction.php(49): AjaxController->actionAjaxSearchByThemes()
#3 /Applications/MAMP/htdocs/pulsar/protected/yii-1.1.13/framework/web/CController.php(308): CInlineAction->runWithParams()
#4 /Applications/MAMP/htdocs/pulsar/protected/yii-1.1.13/framework/web/CController.php(286): AjaxController->runAction()
#5 /Applications/MAMP/htdocs/pulsar/protected/yii-1.1.13/framework/web/CController.php(265): AjaxController->runActionWithFilters()
#6 /Applications/MAMP/htdocs/pulsar/protected/yii-1.1.13/framework/web/CWebApplication.php(282): AjaxController->run()
#7 /Applications/MAMP/htdocs/pulsar/protected/yii-1.1.13/framework/web/CWebApplication.php(141): CWebApplication->runController()
#8 /Applications/MAMP/htdocs/pulsar/protected/yii-1.1.13/framework/base/CApplication.php(169): CWebApplication->processRequest()
#9 /Applications/MAMP/htdocs/pulsar/index.php(13): CWebApplication->run()
REQUEST_URI=/pulsar/ajax/AjaxSearchByThemes
2014/04/14 19:24:49 [error] [exception.CHttpException.404] exception 'CHttpException' with message 'Unable to resolve the request "images/home/01RT341".' in /Applications/MAMP/htdocs/pulsar/protected/yii-1.1.13/framework/web/CWebApplication.php:286
Stack trace:
#0 /Applications/MAMP/htdocs/pulsar/protected/yii-1.1.13/framework/web/CWebApplication.php(141): CWebApplication->runController('images/home/01R...')
#1 /Applications/MAMP/htdocs/pulsar/protected/yii-1.1.13/framework/base/CApplication.php(169): CWebApplication->processRequest()
#2 /Applications/MAMP/htdocs/pulsar/index.php(13): CApplication->run()
#3 {main}
REQUEST_URI=/pulsar/images/home/01RT341
HTTP_REFERER=http://localhost:8888/pulsar/
---
2014/04/14 19:26:46 [error] [exception.CHttpException.404] exception 'CHttpException' with message 'Unable to resolve the request "images/home/07DC170".' in /Applications/MAMP/htdocs/pulsar/protected/yii-1.1.13/framework/web/CWebApplication.php:286
Stack trace:
#0 /Applications/MAMP/htdocs/pulsar/protected/yii-1.1.13/framework/web/CWebApplication.php(141): CWebApplication->runController('images/home/07D...')
#1 /Applications/MAMP/htdocs/pulsar/protected/yii-1.1.13/framework/base/CApplication.php(169): CWebApplication->processRequest()
#2 /Applications/MAMP/htdocs/pulsar/index.php(13): CApplication->run()
#3 {main}
REQUEST_URI=/pulsar/images/home/07DC170
HTTP_REFERER=http://localhost:8888/pulsar/
---
2014/04/14 22:57:20 [error] [exception.CDbException] SQLSTATE[HY000] [2003] Can't connect to MySQL server on '200.219.201.154' (4)
2014/04/14 22:57:20 [error] [exception.CDbException] exception 'CDbException' with message 'CDbConnection failed to open the DB connection.' in /Applications/MAMP/htdocs/pulsar/protected/yii-1.1.13/framework/db/CDbConnection.php:387
Stack trace:
#0 /Applications/MAMP/htdocs/pulsar/protected/yii-1.1.13/framework/db/CDbConnection.php(330): CDbConnection->open()
#1 /Applications/MAMP/htdocs/pulsar/protected/yii-1.1.13/framework/db/CDbConnection.php(308): CDbConnection->setActive(true)
#2 /Applications/MAMP/htdocs/pulsar/protected/yii-1.1.13/framework/base/CModule.php(387): CDbConnection->init()
#3 /Applications/MAMP/htdocs/pulsar/protected/yii-1.1.13/framework/base/CModule.php(103): CModule->getComponent('db')
#4 /Applications/MAMP/htdocs/pulsar/protected/dao/ImageOfDao.php(159): CModule->__get('db')
#5 /Applications/MAMP/htdocs/pulsar/protected/components/SearchByThemes.php(8): ImageOfDao->searchByThemes(0)
#6 /Applications/MAMP/htdocs/pulsar/protected/controllers/HomeController.php(16): SearchByThemes->searchThemesById()
#7 /Applications/MAMP/htdocs/pulsar/protected/yii-1.1.13/framework/web/actions/CInlineAction.php(49): HomeController->actionIndex()
#8 /Applications/MAMP/htdocs/pulsar/protected/yii-1.1.13/framework/web/CController.php(308): CInlineAction->runWithParams(Array)
#9 /Applications/MAMP/htdocs/pulsar/protected/yii-1.1.13/framework/web/CController.php(286): CController->runAction(Object(CInlineAction))
#10 /Applications/MAMP/htdocs/pulsar/protected/yii-1.1.13/framework/web/CController.php(265): CController->runActionWithFilters(Object(CInlineAction), Array)
#11 /Applications/MAMP/htdocs/pulsar/protected/yii-1.1.13/framework/web/CWebApplication.php(282): CController->run('index')
#12 /Applications/MAMP/htdocs/pulsar/protected/yii-1.1.13/framework/web/CWebApplication.php(141): CWebApplication->runController('')
#13 /Applications/MAMP/htdocs/pulsar/protected/yii-1.1.13/framework/base/CApplication.php(169): CWebApplication->processRequest()
#14 /Applications/MAMP/htdocs/pulsar/index.php(13): CApplication->run()
#15 {main}
REQUEST_URI=/pulsar/
---
2014/04/14 23:02:17 [error] [exception.CHttpException.404] exception 'CHttpException' with message 'Unable to resolve the request "favicon.ico".' in /Applications/MAMP/htdocs/pulsar/protected/yii-1.1.13/framework/web/CWebApplication.php:286
Stack trace:
#0 /Applications/MAMP/htdocs/pulsar/protected/yii-1.1.13/framework/web/CWebApplication.php(141): CWebApplication->runController('favicon.ico')
#1 /Applications/MAMP/htdocs/pulsar/protected/yii-1.1.13/framework/base/CApplication.php(169): CWebApplication->processRequest()
#2 /Applications/MAMP/htdocs/pulsar/index.php(13): CApplication->run()
#3 {main}
REQUEST_URI=/pulsar/favicon.ico
---
2014/04/15 15:39:51 [error] [exception.CHttpException.404] exception 'CHttpException' with message 'Unable to resolve the request "favicon.ico".' in /Applications/MAMP/htdocs/pulsar/protected/yii-1.1.13/framework/web/CWebApplication.php:286
Stack trace:
#0 /Applications/MAMP/htdocs/pulsar/protected/yii-1.1.13/framework/web/CWebApplication.php(141): CWebApplication->runController('favicon.ico')
#1 /Applications/MAMP/htdocs/pulsar/protected/yii-1.1.13/framework/base/CApplication.php(169): CWebApplication->processRequest()
#2 /Applications/MAMP/htdocs/pulsar/index.php(13): CApplication->run()
#3 {main}
REQUEST_URI=/pulsar/favicon.ico
---
2014/04/15 16:31:31 [error] [exception.CDbException] SQLSTATE[HY000] [2003] Can't connect to MySQL server on '200.219.201.154' (65)
2014/04/15 16:31:31 [error] [exception.CDbException] exception 'CDbException' with message 'CDbConnection failed to open the DB connection.' in /Applications/MAMP/htdocs/pulsar/protected/yii-1.1.13/framework/db/CDbConnection.php:387
Stack trace:
#0 /Applications/MAMP/htdocs/pulsar/protected/yii-1.1.13/framework/db/CDbConnection.php(330): CDbConnection->open()
#1 /Applications/MAMP/htdocs/pulsar/protected/yii-1.1.13/framework/db/CDbConnection.php(308): CDbConnection->setActive(true)
#2 /Applications/MAMP/htdocs/pulsar/protected/yii-1.1.13/framework/base/CModule.php(387): CDbConnection->init()
#3 /Applications/MAMP/htdocs/pulsar/protected/yii-1.1.13/framework/base/CModule.php(103): CModule->getComponent('db')
#4 /Applications/MAMP/htdocs/pulsar/protected/dao/ImageOfDao.php(159): CModule->__get('db')
#5 /Applications/MAMP/htdocs/pulsar/protected/components/SearchByThemes.php(8): ImageOfDao->searchByThemes(0)
#6 /Applications/MAMP/htdocs/pulsar/protected/controllers/HomeController.php(16): SearchByThemes->searchThemesById()
#7 /Applications/MAMP/htdocs/pulsar/protected/yii-1.1.13/framework/web/actions/CInlineAction.php(49): HomeController->actionIndex()
#8 /Applications/MAMP/htdocs/pulsar/protected/yii-1.1.13/framework/web/CController.php(308): CInlineAction->runWithParams(Array)
#9 /Applications/MAMP/htdocs/pulsar/protected/yii-1.1.13/framework/web/CController.php(286): CController->runAction(Object(CInlineAction))
#10 /Applications/MAMP/htdocs/pulsar/protected/yii-1.1.13/framework/web/CController.php(265): CController->runActionWithFilters(Object(CInlineAction), Array)
#11 /Applications/MAMP/htdocs/pulsar/protected/yii-1.1.13/framework/web/CWebApplication.php(282): CController->run('index')
#12 /Applications/MAMP/htdocs/pulsar/protected/yii-1.1.13/framework/web/CWebApplication.php(141): CWebApplication->runController('')
#13 /Applications/MAMP/htdocs/pulsar/protected/yii-1.1.13/framework/base/CApplication.php(169): CWebApplication->processRequest()
#14 /Applications/MAMP/htdocs/pulsar/index.php(13): CApplication->run()
#15 {main}
REQUEST_URI=/pulsar/
---
2014/04/15 16:31:34 [error] [exception.CDbException] SQLSTATE[HY000] [2003] Can't connect to MySQL server on '200.219.201.154' (65)
2014/04/15 16:31:34 [error] [exception.CDbException] exception 'CDbException' with message 'CDbConnection failed to open the DB connection.' in /Applications/MAMP/htdocs/pulsar/protected/yii-1.1.13/framework/db/CDbConnection.php:387
Stack trace:
#0 /Applications/MAMP/htdocs/pulsar/protected/yii-1.1.13/framework/db/CDbConnection.php(330): CDbConnection->open()
#1 /Applications/MAMP/htdocs/pulsar/protected/yii-1.1.13/framework/db/CDbConnection.php(308): CDbConnection->setActive(true)
#2 /Applications/MAMP/htdocs/pulsar/protected/yii-1.1.13/framework/base/CModule.php(387): CDbConnection->init()
#3 /Applications/MAMP/htdocs/pulsar/protected/yii-1.1.13/framework/base/CModule.php(103): CModule->getComponent('db')
#4 /Applications/MAMP/htdocs/pulsar/protected/dao/ImageOfDao.php(159): CModule->__get('db')
#5 /Applications/MAMP/htdocs/pulsar/protected/components/SearchByThemes.php(8): ImageOfDao->searchByThemes(0)
#6 /Applications/MAMP/htdocs/pulsar/protected/controllers/HomeController.php(16): SearchByThemes->searchThemesById()
#7 /Applications/MAMP/htdocs/pulsar/protected/yii-1.1.13/framework/web/actions/CInlineAction.php(49): HomeController->actionIndex()
#8 /Applications/MAMP/htdocs/pulsar/protected/yii-1.1.13/framework/web/CController.php(308): CInlineAction->runWithParams(Array)
#9 /Applications/MAMP/htdocs/pulsar/protected/yii-1.1.13/framework/web/CController.php(286): CController->runAction(Object(CInlineAction))
#10 /Applications/MAMP/htdocs/pulsar/protected/yii-1.1.13/framework/web/CController.php(265): CController->runActionWithFilters(Object(CInlineAction), Array)
#11 /Applications/MAMP/htdocs/pulsar/protected/yii-1.1.13/framework/web/CWebApplication.php(282): CController->run('index')
#12 /Applications/MAMP/htdocs/pulsar/protected/yii-1.1.13/framework/web/CWebApplication.php(141): CWebApplication->runController('')
#13 /Applications/MAMP/htdocs/pulsar/protected/yii-1.1.13/framework/base/CApplication.php(169): CWebApplication->processRequest()
#14 /Applications/MAMP/htdocs/pulsar/index.php(13): CApplication->run()
#15 {main}
REQUEST_URI=/pulsar/
---
2014/04/15 16:37:15 [error] [exception.CHttpException.404] exception 'CHttpException' with message 'Unable to resolve the request "images/29MS215".' in /Applications/MAMP/htdocs/pulsar/protected/yii-1.1.13/framework/web/CWebApplication.php:286
Stack trace:
#0 /Applications/MAMP/htdocs/pulsar/protected/yii-1.1.13/framework/web/CWebApplication.php(141): CWebApplication->runController('images/29MS215')
#1 /Applications/MAMP/htdocs/pulsar/protected/yii-1.1.13/framework/base/CApplication.php(169): CWebApplication->processRequest()
#2 /Applications/MAMP/htdocs/pulsar/index.php(13): CApplication->run()
#3 {main}
REQUEST_URI=/pulsar/images/29MS215
HTTP_REFERER=http://localhost:8888/pulsar/
---
2014/04/15 16:37:15 [error] [exception.CHttpException.404] exception 'CHttpException' with message 'Unable to resolve the request "images/11CD474".' in /Applications/MAMP/htdocs/pulsar/protected/yii-1.1.13/framework/web/CWebApplication.php:286
Stack trace:
#0 /Applications/MAMP/htdocs/pulsar/protected/yii-1.1.13/framework/web/CWebApplication.php(141): CWebApplication->runController('images/11CD474')
#1 /Applications/MAMP/htdocs/pulsar/protected/yii-1.1.13/framework/base/CApplication.php(169): CWebApplication->processRequest()
#2 /Applications/MAMP/htdocs/pulsar/index.php(13): CApplication->run()
#3 {main}
REQUEST_URI=/pulsar/images/11CD474
HTTP_REFERER=http://localhost:8888/pulsar/
---
2014/04/15 16:37:15 [error] [exception.CHttpException.404] exception 'CHttpException' with message 'Unable to resolve the request "images/03PF627".' in /Applications/MAMP/htdocs/pulsar/protected/yii-1.1.13/framework/web/CWebApplication.php:286
Stack trace:
#0 /Applications/MAMP/htdocs/pulsar/protected/yii-1.1.13/framework/web/CWebApplication.php(141): CWebApplication->runController('images/03PF627')
#1 /Applications/MAMP/htdocs/pulsar/protected/yii-1.1.13/framework/base/CApplication.php(169): CWebApplication->processRequest()
#2 /Applications/MAMP/htdocs/pulsar/index.php(13): CApplication->run()
#3 {main}
REQUEST_URI=/pulsar/images/03PF627
HTTP_REFERER=http://localhost:8888/pulsar/
---
2014/04/15 16:37:15 [error] [exception.CHttpException.404] exception 'CHttpException' with message 'Unable to resolve the request "images/01ALF401".' in /Applications/MAMP/htdocs/pulsar/protected/yii-1.1.13/framework/web/CWebApplication.php:286
Stack trace:
#0 /Applications/MAMP/htdocs/pulsar/protected/yii-1.1.13/framework/web/CWebApplication.php(141): CWebApplication->runController('images/01ALF401')
#1 /Applications/MAMP/htdocs/pulsar/protected/yii-1.1.13/framework/base/CApplication.php(169): CWebApplication->processRequest()
#2 /Applications/MAMP/htdocs/pulsar/index.php(13): CApplication->run()
#3 {main}
REQUEST_URI=/pulsar/images/01ALF401
HTTP_REFERER=http://localhost:8888/pulsar/
---
2014/04/15 16:37:15 [error] [exception.CHttpException.404] exception 'CHttpException' with message 'Unable to resolve the request "images/04MF700".' in /Applications/MAMP/htdocs/pulsar/protected/yii-1.1.13/framework/web/CWebApplication.php:286
Stack trace:
#0 /Applications/MAMP/htdocs/pulsar/protected/yii-1.1.13/framework/web/CWebApplication.php(141): CWebApplication->runController('images/04MF700')
#1 /Applications/MAMP/htdocs/pulsar/protected/yii-1.1.13/framework/base/CApplication.php(169): CWebApplication->processRequest()
#2 /Applications/MAMP/htdocs/pulsar/index.php(13): CApplication->run()
#3 {main}
REQUEST_URI=/pulsar/images/04MF700
HTTP_REFERER=http://localhost:8888/pulsar/
---
2014/04/15 16:37:15 [error] [exception.CHttpException.404] exception 'CHttpException' with message 'Unable to resolve the request "images/01SPE505".' in /Applications/MAMP/htdocs/pulsar/protected/yii-1.1.13/framework/web/CWebApplication.php:286
Stack trace:
#0 /Applications/MAMP/htdocs/pulsar/protected/yii-1.1.13/framework/web/CWebApplication.php(141): CWebApplication->runController('images/01SPE505')
#1 /Applications/MAMP/htdocs/pulsar/protected/yii-1.1.13/framework/base/CApplication.php(169): CWebApplication->processRequest()
#2 /Applications/MAMP/htdocs/pulsar/index.php(13): CApplication->run()
#3 {main}
REQUEST_URI=/pulsar/images/01SPE505
HTTP_REFERER=http://localhost:8888/pulsar/
---
2014/04/15 16:37:15 [error] [exception.CHttpException.404] exception 'CHttpException' with message 'Unable to resolve the request "images/JVM140028".' in /Applications/MAMP/htdocs/pulsar/protected/yii-1.1.13/framework/web/CWebApplication.php:286
Stack trace:
#0 /Applications/MAMP/htdocs/pulsar/protected/yii-1.1.13/framework/web/CWebApplication.php(141): CWebApplication->runController('images/JVM14002...')
#1 /Applications/MAMP/htdocs/pulsar/protected/yii-1.1.13/framework/base/CApplication.php(169): CWebApplication->processRequest()
#2 /Applications/MAMP/htdocs/pulsar/index.php(13): CApplication->run()
#3 {main}
REQUEST_URI=/pulsar/images/JVM140028
HTTP_REFERER=http://localhost:8888/pulsar/
---
2014/04/15 16:37:15 [error] [exception.CHttpException.404] exception 'CHttpException' with message 'Unable to resolve the request "images/SP140002".' in /Applications/MAMP/htdocs/pulsar/protected/yii-1.1.13/framework/web/CWebApplication.php:286
Stack trace:
#0 /Applications/MAMP/htdocs/pulsar/protected/yii-1.1.13/framework/web/CWebApplication.php(141): CWebApplication->runController('images/SP140002')
#1 /Applications/MAMP/htdocs/pulsar/protected/yii-1.1.13/framework/base/CApplication.php(169): CWebApplication->processRequest()
#2 /Applications/MAMP/htdocs/pulsar/index.php(13): CApplication->run()
#3 {main}
REQUEST_URI=/pulsar/images/SP140002
HTTP_REFERER=http://localhost:8888/pulsar/
---
2014/04/15 16:37:15 [error] [exception.CHttpException.404] exception 'CHttpException' with message 'Unable to resolve the request "images/IS140133".' in /Applications/MAMP/htdocs/pulsar/protected/yii-1.1.13/framework/web/CWebApplication.php:286
Stack trace:
#0 /Applications/MAMP/htdocs/pulsar/protected/yii-1.1.13/framework/web/CWebApplication.php(141): CWebApplication->runController('images/IS140133')
#1 /Applications/MAMP/htdocs/pulsar/protected/yii-1.1.13/framework/base/CApplication.php(169): CWebApplication->processRequest()
#2 /Applications/MAMP/htdocs/pulsar/index.php(13): CApplication->run()
#3 {main}
REQUEST_URI=/pulsar/images/IS140133
HTTP_REFERER=http://localhost:8888/pulsar/
---
2014/04/15 16:37:15 [error] [exception.CHttpException.404] exception 'CHttpException' with message 'Unable to resolve the request "images/01DCU268".' in /Applications/MAMP/htdocs/pulsar/protected/yii-1.1.13/framework/web/CWebApplication.php:286
Stack trace:
#0 /Applications/MAMP/htdocs/pulsar/protected/yii-1.1.13/framework/web/CWebApplication.php(141): CWebApplication->runController('images/01DCU268')
#1 /Applications/MAMP/htdocs/pulsar/protected/yii-1.1.13/framework/base/CApplication.php(169): CWebApplication->processRequest()
#2 /Applications/MAMP/htdocs/pulsar/index.php(13): CApplication->run()
#3 {main}
REQUEST_URI=/pulsar/images/01DCU268
HTTP_REFERER=http://localhost:8888/pulsar/
---
2014/04/15 16:37:15 [error] [exception.CHttpException.404] exception 'CHttpException' with message 'Unable to resolve the request "images/14RC613".' in /Applications/MAMP/htdocs/pulsar/protected/yii-1.1.13/framework/web/CWebApplication.php:286
Stack trace:
#0 /Applications/MAMP/htdocs/pulsar/protected/yii-1.1.13/framework/web/CWebApplication.php(141): CWebApplication->runController('images/14RC613')
#1 /Applications/MAMP/htdocs/pulsar/protected/yii-1.1.13/framework/base/CApplication.php(169): CWebApplication->processRequest()
#2 /Applications/MAMP/htdocs/pulsar/index.php(13): CApplication->run()
#3 {main}
REQUEST_URI=/pulsar/images/14RC613
HTTP_REFERER=http://localhost:8888/pulsar/
---
2014/04/15 16:37:15 [error] [exception.CHttpException.404] exception 'CHttpException' with message 'Unable to resolve the request "images/MR140086".' in /Applications/MAMP/htdocs/pulsar/protected/yii-1.1.13/framework/web/CWebApplication.php:286
Stack trace:
#0 /Applications/MAMP/htdocs/pulsar/protected/yii-1.1.13/framework/web/CWebApplication.php(141): CWebApplication->runController('images/MR140086')
#1 /Applications/MAMP/htdocs/pulsar/protected/yii-1.1.13/framework/base/CApplication.php(169): CWebApplication->processRequest()
#2 /Applications/MAMP/htdocs/pulsar/index.php(13): CApplication->run()
#3 {main}
REQUEST_URI=/pulsar/images/MR140086
HTTP_REFERER=http://localhost:8888/pulsar/
---
2014/04/15 16:37:15 [error] [exception.CHttpException.404] exception 'CHttpException' with message 'Unable to resolve the request "images/07GG443".' in /Applications/MAMP/htdocs/pulsar/protected/yii-1.1.13/framework/web/CWebApplication.php:286
Stack trace:
#0 /Applications/MAMP/htdocs/pulsar/protected/yii-1.1.13/framework/web/CWebApplication.php(141): CWebApplication->runController('images/07GG443')
#1 /Applications/MAMP/htdocs/pulsar/protected/yii-1.1.13/framework/base/CApplication.php(169): CWebApplication->processRequest()
#2 /Applications/MAMP/htdocs/pulsar/index.php(13): CApplication->run()
#3 {main}
REQUEST_URI=/pulsar/images/07GG443
HTTP_REFERER=http://localhost:8888/pulsar/
---
2014/04/15 16:37:16 [error] [exception.CHttpException.404] exception 'CHttpException' with message 'Unable to resolve the request "images/03MAS015".' in /Applications/MAMP/htdocs/pulsar/protected/yii-1.1.13/framework/web/CWebApplication.php:286
Stack trace:
#0 /Applications/MAMP/htdocs/pulsar/protected/yii-1.1.13/framework/web/CWebApplication.php(141): CWebApplication->runController('images/03MAS015')
#1 /Applications/MAMP/htdocs/pulsar/protected/yii-1.1.13/framework/base/CApplication.php(169): CWebApplication->processRequest()
#2 /Applications/MAMP/htdocs/pulsar/index.php(13): CApplication->run()
#3 {main}
REQUEST_URI=/pulsar/images/03MAS015
HTTP_REFERER=http://localhost:8888/pulsar/
---
2014/04/15 16:37:16 [error] [exception.CHttpException.404] exception 'CHttpException' with message 'Unable to resolve the request "images/60DM071".' in /Applications/MAMP/htdocs/pulsar/protected/yii-1.1.13/framework/web/CWebApplication.php:286
Stack trace:
#0 /Applications/MAMP/htdocs/pulsar/protected/yii-1.1.13/framework/web/CWebApplication.php(141): CWebApplication->runController('images/60DM071')
#1 /Applications/MAMP/htdocs/pulsar/protected/yii-1.1.13/framework/base/CApplication.php(169): CWebApplication->processRequest()
#2 /Applications/MAMP/htdocs/pulsar/index.php(13): CApplication->run()
#3 {main}
REQUEST_URI=/pulsar/images/60DM071
HTTP_REFERER=http://localhost:8888/pulsar/
---
2014/04/15 16:37:16 [error] [exception.CHttpException.404] exception 'CHttpException' with message 'Unable to resolve the request "images/03EG600".' in /Applications/MAMP/htdocs/pulsar/protected/yii-1.1.13/framework/web/CWebApplication.php:286
Stack trace:
#0 /Applications/MAMP/htdocs/pulsar/protected/yii-1.1.13/framework/web/CWebApplication.php(141): CWebApplication->runController('images/03EG600')
#1 /Applications/MAMP/htdocs/pulsar/protected/yii-1.1.13/framework/base/CApplication.php(169): CWebApplication->processRequest()
#2 /Applications/MAMP/htdocs/pulsar/index.php(13): CApplication->run()
#3 {main}
REQUEST_URI=/pulsar/images/03EG600
HTTP_REFERER=http://localhost:8888/pulsar/
---
2014/04/15 16:37:16 [error] [exception.CHttpException.404] exception 'CHttpException' with message 'Unable to resolve the request "images/AR140717".' in /Applications/MAMP/htdocs/pulsar/protected/yii-1.1.13/framework/web/CWebApplication.php:286
Stack trace:
#0 /Applications/MAMP/htdocs/pulsar/protected/yii-1.1.13/framework/web/CWebApplication.php(141): CWebApplication->runController('images/AR140717')
#1 /Applications/MAMP/htdocs/pulsar/protected/yii-1.1.13/framework/base/CApplication.php(169): CWebApplication->processRequest()
#2 /Applications/MAMP/htdocs/pulsar/index.php(13): CApplication->run()
#3 {main}
REQUEST_URI=/pulsar/images/AR140717
HTTP_REFERER=http://localhost:8888/pulsar/
---
2014/04/15 16:37:16 [error] [exception.CHttpException.404] exception 'CHttpException' with message 'Unable to resolve the request "images/03AT407".' in /Applications/MAMP/htdocs/pulsar/protected/yii-1.1.13/framework/web/CWebApplication.php:286
Stack trace:
#0 /Applications/MAMP/htdocs/pulsar/protected/yii-1.1.13/framework/web/CWebApplication.php(141): CWebApplication->runController('images/03AT407')
#1 /Applications/MAMP/htdocs/pulsar/protected/yii-1.1.13/framework/base/CApplication.php(169): CWebApplication->processRequest()
#2 /Applications/MAMP/htdocs/pulsar/index.php(13): CApplication->run()
#3 {main}
REQUEST_URI=/pulsar/images/03AT407
HTTP_REFERER=http://localhost:8888/pulsar/
---
2014/04/15 16:37:16 [error] [exception.CHttpException.404] exception 'CHttpException' with message 'Unable to resolve the request "images/21JPR267".' in /Applications/MAMP/htdocs/pulsar/protected/yii-1.1.13/framework/web/CWebApplication.php:286
Stack trace:
#0 /Applications/MAMP/htdocs/pulsar/protected/yii-1.1.13/framework/web/CWebApplication.php(141): CWebApplication->runController('images/21JPR267')
#1 /Applications/MAMP/htdocs/pulsar/protected/yii-1.1.13/framework/base/CApplication.php(169): CWebApplication->processRequest()
#2 /Applications/MAMP/htdocs/pulsar/index.php(13): CApplication->run()
#3 {main}
REQUEST_URI=/pulsar/images/21JPR267
HTTP_REFERER=http://localhost:8888/pulsar/
---
2014/04/15 16:41:22 [error] [exception.CHttpException.404] exception 'CHttpException' with message 'Unable to resolve the request "'http://www.pulsarimagens.com.br/bancoImagens/IS140133p.jpg".' in /Applications/MAMP/htdocs/pulsar/protected/yii-1.1.13/framework/web/CWebApplication.php:286
Stack trace:
#0 /Applications/MAMP/htdocs/pulsar/protected/yii-1.1.13/framework/web/CWebApplication.php(141): CWebApplication->runController(''http://www.pul...')
#1 /Applications/MAMP/htdocs/pulsar/protected/yii-1.1.13/framework/base/CApplication.php(169): CWebApplication->processRequest()
#2 /Applications/MAMP/htdocs/pulsar/index.php(13): CApplication->run()
#3 {main}
REQUEST_URI=/pulsar/%27http://www.pulsarimagens.com.br/bancoImagens/IS140133p.jpg
HTTP_REFERER=http://localhost:8888/pulsar/
---
2014/04/15 16:41:22 [error] [exception.CHttpException.404] exception 'CHttpException' with message 'Unable to resolve the request "'http://www.pulsarimagens.com.br/bancoImagens/11CD734p.jpg".' in /Applications/MAMP/htdocs/pulsar/protected/yii-1.1.13/framework/web/CWebApplication.php:286
Stack trace:
#0 /Applications/MAMP/htdocs/pulsar/protected/yii-1.1.13/framework/web/CWebApplication.php(141): CWebApplication->runController(''http://www.pul...')
#1 /Applications/MAMP/htdocs/pulsar/protected/yii-1.1.13/framework/base/CApplication.php(169): CWebApplication->processRequest()
#2 /Applications/MAMP/htdocs/pulsar/index.php(13): CApplication->run()
#3 {main}
REQUEST_URI=/pulsar/%27http://www.pulsarimagens.com.br/bancoImagens/11CD734p.jpg
HTTP_REFERER=http://localhost:8888/pulsar/
---
2014/04/15 16:41:22 [error] [exception.CHttpException.404] exception 'CHttpException' with message 'Unable to resolve the request "'http://www.pulsarimagens.com.br/bancoImagens/21JPR339p.jpg".' in /Applications/MAMP/htdocs/pulsar/protected/yii-1.1.13/framework/web/CWebApplication.php:286
Stack trace:
#0 /Applications/MAMP/htdocs/pulsar/protected/yii-1.1.13/framework/web/CWebApplication.php(141): CWebApplication->runController(''http://www.pul...')
#1 /Applications/MAMP/htdocs/pulsar/protected/yii-1.1.13/framework/base/CApplication.php(169): CWebApplication->processRequest()
#2 /Applications/MAMP/htdocs/pulsar/index.php(13): CApplication->run()
#3 {main}
REQUEST_URI=/pulsar/%27http://www.pulsarimagens.com.br/bancoImagens/21JPR339p.jpg
HTTP_REFERER=http://localhost:8888/pulsar/
---
2014/04/15 16:41:22 [error] [exception.CHttpException.404] exception 'CHttpException' with message 'Unable to resolve the request "'http://www.pulsarimagens.com.br/bancoImagens/14RC596p.jpg".' in /Applications/MAMP/htdocs/pulsar/protected/yii-1.1.13/framework/web/CWebApplication.php:286
Stack trace:
#0 /Applications/MAMP/htdocs/pulsar/protected/yii-1.1.13/framework/web/CWebApplication.php(141): CWebApplication->runController(''http://www.pul...')
#1 /Applications/MAMP/htdocs/pulsar/protected/yii-1.1.13/framework/base/CApplication.php(169): CWebApplication->processRequest()
#2 /Applications/MAMP/htdocs/pulsar/index.php(13): CApplication->run()
#3 {main}
REQUEST_URI=/pulsar/%27http://www.pulsarimagens.com.br/bancoImagens/14RC596p.jpg
HTTP_REFERER=http://localhost:8888/pulsar/
---
2014/04/15 16:41:22 [error] [exception.CHttpException.404] exception 'CHttpException' with message 'Unable to resolve the request "'http://www.pulsarimagens.com.br/bancoImagens/03AT404p.jpg".' in /Applications/MAMP/htdocs/pulsar/protected/yii-1.1.13/framework/web/CWebApplication.php:286
Stack trace:
#0 /Applications/MAMP/htdocs/pulsar/protected/yii-1.1.13/framework/web/CWebApplication.php(141): CWebApplication->runController(''http://www.pul...')
#1 /Applications/MAMP/htdocs/pulsar/protected/yii-1.1.13/framework/base/CApplication.php(169): CWebApplication->processRequest()
#2 /Applications/MAMP/htdocs/pulsar/index.php(13): CApplication->run()
#3 {main}
REQUEST_URI=/pulsar/%27http://www.pulsarimagens.com.br/bancoImagens/03AT404p.jpg
HTTP_REFERER=http://localhost:8888/pulsar/
---
2014/04/15 16:41:22 [error] [exception.CHttpException.404] exception 'CHttpException' with message 'Unable to resolve the request "'http://www.pulsarimagens.com.br/bancoImagens/04MF701p.jpg".' in /Applications/MAMP/htdocs/pulsar/protected/yii-1.1.13/framework/web/CWebApplication.php:286
Stack trace:
#0 /Applications/MAMP/htdocs/pulsar/protected/yii-1.1.13/framework/web/CWebApplication.php(141): CWebApplication->runController(''http://www.pul...')
#1 /Applications/MAMP/htdocs/pulsar/protected/yii-1.1.13/framework/base/CApplication.php(169): CWebApplication->processRequest()
#2 /Applications/MAMP/htdocs/pulsar/index.php(13): CApplication->run()
#3 {main}
REQUEST_URI=/pulsar/%27http://www.pulsarimagens.com.br/bancoImagens/04MF701p.jpg
HTTP_REFERER=http://localhost:8888/pulsar/
---
2014/04/15 16:41:22 [error] [exception.CHttpException.404] exception 'CHttpException' with message 'Unable to resolve the request "'http://www.pulsarimagens.com.br/bancoImagens/MR140080p.jpg".' in /Applications/MAMP/htdocs/pulsar/protected/yii-1.1.13/framework/web/CWebApplication.php:286
Stack trace:
#0 /Applications/MAMP/htdocs/pulsar/protected/yii-1.1.13/framework/web/CWebApplication.php(141): CWebApplication->runController(''http://www.pul...')
#1 /Applications/MAMP/htdocs/pulsar/protected/yii-1.1.13/framework/base/CApplication.php(169): CWebApplication->processRequest()
#2 /Applications/MAMP/htdocs/pulsar/index.php(13): CApplication->run()
#3 {main}
REQUEST_URI=/pulsar/%27http://www.pulsarimagens.com.br/bancoImagens/MR140080p.jpg
HTTP_REFERER=http://localhost:8888/pulsar/
---
2014/04/15 16:41:22 [error] [exception.CHttpException.404] exception 'CHttpException' with message 'Unable to resolve the request "'http://www.pulsarimagens.com.br/bancoImagens/SP140068p.jpg".' in /Applications/MAMP/htdocs/pulsar/protected/yii-1.1.13/framework/web/CWebApplication.php:286
Stack trace:
#0 /Applications/MAMP/htdocs/pulsar/protected/yii-1.1.13/framework/web/CWebApplication.php(141): CWebApplication->runController(''http://www.pul...')
#1 /Applications/MAMP/htdocs/pulsar/protected/yii-1.1.13/framework/base/CApplication.php(169): CWebApplication->processRequest()
#2 /Applications/MAMP/htdocs/pulsar/index.php(13): CApplication->run()
#3 {main}
REQUEST_URI=/pulsar/%27http://www.pulsarimagens.com.br/bancoImagens/SP140068p.jpg
HTTP_REFERER=http://localhost:8888/pulsar/
---
2014/04/15 16:41:22 [error] [exception.CHttpException.404] exception 'CHttpException' with message 'Unable to resolve the request "'http://www.pulsarimagens.com.br/bancoImagens/01SPE495p.jpg".' in /Applications/MAMP/htdocs/pulsar/protected/yii-1.1.13/framework/web/CWebApplication.php:286
Stack trace:
#0 /Applications/MAMP/htdocs/pulsar/protected/yii-1.1.13/framework/web/CWebApplication.php(141): CWebApplication->runController(''http://www.pul...')
#1 /Applications/MAMP/htdocs/pulsar/protected/yii-1.1.13/framework/base/CApplication.php(169): CWebApplication->processRequest()
#2 /Applications/MAMP/htdocs/pulsar/index.php(13): CApplication->run()
#3 {main}
REQUEST_URI=/pulsar/%27http://www.pulsarimagens.com.br/bancoImagens/01SPE495p.jpg
HTTP_REFERER=http://localhost:8888/pulsar/
---
2014/04/15 16:41:22 [error] [exception.CHttpException.404] exception 'CHttpException' with message 'Unable to resolve the request "'http://www.pulsarimagens.com.br/bancoImagens/29MS065p.jpg".' in /Applications/MAMP/htdocs/pulsar/protected/yii-1.1.13/framework/web/CWebApplication.php:286
Stack trace:
#0 /Applications/MAMP/htdocs/pulsar/protected/yii-1.1.13/framework/web/CWebApplication.php(141): CWebApplication->runController(''http://www.pul...')
#1 /Applications/MAMP/htdocs/pulsar/protected/yii-1.1.13/framework/base/CApplication.php(169): CWebApplication->processRequest()
#2 /Applications/MAMP/htdocs/pulsar/index.php(13): CApplication->run()
#3 {main}
REQUEST_URI=/pulsar/%27http://www.pulsarimagens.com.br/bancoImagens/29MS065p.jpg
HTTP_REFERER=http://localhost:8888/pulsar/
---
2014/04/15 16:41:22 [error] [exception.CHttpException.404] exception 'CHttpException' with message 'Unable to resolve the request "'http://www.pulsarimagens.com.br/bancoImagens/03MAS014p.jpg".' in /Applications/MAMP/htdocs/pulsar/protected/yii-1.1.13/framework/web/CWebApplication.php:286
Stack trace:
#0 /Applications/MAMP/htdocs/pulsar/protected/yii-1.1.13/framework/web/CWebApplication.php(141): CWebApplication->runController(''http://www.pul...')
#1 /Applications/MAMP/htdocs/pulsar/protected/yii-1.1.13/framework/base/CApplication.php(169): CWebApplication->processRequest()
#2 /Applications/MAMP/htdocs/pulsar/index.php(13): CApplication->run()
#3 {main}
REQUEST_URI=/pulsar/%27http://www.pulsarimagens.com.br/bancoImagens/03MAS014p.jpg
HTTP_REFERER=http://localhost:8888/pulsar/
---
2014/04/15 16:41:22 [error] [exception.CHttpException.404] exception 'CHttpException' with message 'Unable to resolve the request "'http://www.pulsarimagens.com.br/bancoImagens/01ALF372p.jpg".' in /Applications/MAMP/htdocs/pulsar/protected/yii-1.1.13/framework/web/CWebApplication.php:286
Stack trace:
#0 /Applications/MAMP/htdocs/pulsar/protected/yii-1.1.13/framework/web/CWebApplication.php(141): CWebApplication->runController(''http://www.pul...')
#1 /Applications/MAMP/htdocs/pulsar/protected/yii-1.1.13/framework/base/CApplication.php(169): CWebApplication->processRequest()
#2 /Applications/MAMP/htdocs/pulsar/index.php(13): CApplication->run()
#3 {main}
REQUEST_URI=/pulsar/%27http://www.pulsarimagens.com.br/bancoImagens/01ALF372p.jpg
HTTP_REFERER=http://localhost:8888/pulsar/
---
2014/04/15 16:41:22 [error] [exception.CHttpException.404] exception 'CHttpException' with message 'Unable to resolve the request "'http://www.pulsarimagens.com.br/bancoImagens/60DM192p.jpg".' in /Applications/MAMP/htdocs/pulsar/protected/yii-1.1.13/framework/web/CWebApplication.php:286
Stack trace:
#0 /Applications/MAMP/htdocs/pulsar/protected/yii-1.1.13/framework/web/CWebApplication.php(141): CWebApplication->runController(''http://www.pul...')
#1 /Applications/MAMP/htdocs/pulsar/protected/yii-1.1.13/framework/base/CApplication.php(169): CWebApplication->processRequest()
#2 /Applications/MAMP/htdocs/pulsar/index.php(13): CApplication->run()
#3 {main}
REQUEST_URI=/pulsar/%27http://www.pulsarimagens.com.br/bancoImagens/60DM192p.jpg
HTTP_REFERER=http://localhost:8888/pulsar/
---
2014/04/15 16:41:22 [error] [exception.CHttpException.404] exception 'CHttpException' with message 'Unable to resolve the request "'http://www.pulsarimagens.com.br/bancoImagens/01DCU266p.jpg".' in /Applications/MAMP/htdocs/pulsar/protected/yii-1.1.13/framework/web/CWebApplication.php:286
Stack trace:
#0 /Applications/MAMP/htdocs/pulsar/protected/yii-1.1.13/framework/web/CWebApplication.php(141): CWebApplication->runController(''http://www.pul...')
#1 /Applications/MAMP/htdocs/pulsar/protected/yii-1.1.13/framework/base/CApplication.php(169): CWebApplication->processRequest()
#2 /Applications/MAMP/htdocs/pulsar/index.php(13): CApplication->run()
#3 {main}
REQUEST_URI=/pulsar/%27http://www.pulsarimagens.com.br/bancoImagens/01DCU266p.jpg
HTTP_REFERER=http://localhost:8888/pulsar/
---
2014/04/15 16:41:22 [error] [exception.CHttpException.404] exception 'CHttpException' with message 'Unable to resolve the request "'http://www.pulsarimagens.com.br/bancoImagens/03PF623p.jpg".' in /Applications/MAMP/htdocs/pulsar/protected/yii-1.1.13/framework/web/CWebApplication.php:286
Stack trace:
#0 /Applications/MAMP/htdocs/pulsar/protected/yii-1.1.13/framework/web/CWebApplication.php(141): CWebApplication->runController(''http://www.pul...')
#1 /Applications/MAMP/htdocs/pulsar/protected/yii-1.1.13/framework/base/CApplication.php(169): CWebApplication->processRequest()
#2 /Applications/MAMP/htdocs/pulsar/index.php(13): CApplication->run()
#3 {main}
REQUEST_URI=/pulsar/%27http://www.pulsarimagens.com.br/bancoImagens/03PF623p.jpg
HTTP_REFERER=http://localhost:8888/pulsar/
---
2014/04/15 16:41:22 [error] [exception.CHttpException.404] exception 'CHttpException' with message 'Unable to resolve the request "'http://www.pulsarimagens.com.br/bancoImagens/AR141000p.jpg".' in /Applications/MAMP/htdocs/pulsar/protected/yii-1.1.13/framework/web/CWebApplication.php:286
Stack trace:
#0 /Applications/MAMP/htdocs/pulsar/protected/yii-1.1.13/framework/web/CWebApplication.php(141): CWebApplication->runController(''http://www.pul...')
#1 /Applications/MAMP/htdocs/pulsar/protected/yii-1.1.13/framework/base/CApplication.php(169): CWebApplication->processRequest()
#2 /Applications/MAMP/htdocs/pulsar/index.php(13): CApplication->run()
#3 {main}
REQUEST_URI=/pulsar/%27http://www.pulsarimagens.com.br/bancoImagens/AR141000p.jpg
HTTP_REFERER=http://localhost:8888/pulsar/
---
2014/04/15 16:41:22 [error] [exception.CHttpException.404] exception 'CHttpException' with message 'Unable to resolve the request "'http://www.pulsarimagens.com.br/bancoImagens/03EG615p.jpg".' in /Applications/MAMP/htdocs/pulsar/protected/yii-1.1.13/framework/web/CWebApplication.php:286
Stack trace:
#0 /Applications/MAMP/htdocs/pulsar/protected/yii-1.1.13/framework/web/CWebApplication.php(141): CWebApplication->runController(''http://www.pul...')
#1 /Applications/MAMP/htdocs/pulsar/protected/yii-1.1.13/framework/base/CApplication.php(169): CWebApplication->processRequest()
#2 /Applications/MAMP/htdocs/pulsar/index.php(13): CApplication->run()
#3 {main}
REQUEST_URI=/pulsar/%27http://www.pulsarimagens.com.br/bancoImagens/03EG615p.jpg
HTTP_REFERER=http://localhost:8888/pulsar/
---
2014/04/15 16:41:22 [error] [exception.CHttpException.404] exception 'CHttpException' with message 'Unable to resolve the request "'http://www.pulsarimagens.com.br/bancoImagens/JVM140031p.jpg".' in /Applications/MAMP/htdocs/pulsar/protected/yii-1.1.13/framework/web/CWebApplication.php:286
Stack trace:
#0 /Applications/MAMP/htdocs/pulsar/protected/yii-1.1.13/framework/web/CWebApplication.php(141): CWebApplication->runController(''http://www.pul...')
#1 /Applications/MAMP/htdocs/pulsar/protected/yii-1.1.13/framework/base/CApplication.php(169): CWebApplication->processRequest()
#2 /Applications/MAMP/htdocs/pulsar/index.php(13): CApplication->run()
#3 {main}
REQUEST_URI=/pulsar/%27http://www.pulsarimagens.com.br/bancoImagens/JVM140031p.jpg
HTTP_REFERER=http://localhost:8888/pulsar/
---
2014/04/15 16:41:22 [error] [exception.CHttpException.404] exception 'CHttpException' with message 'Unable to resolve the request "'http://www.pulsarimagens.com.br/bancoImagens/07GG463p.jpg".' in /Applications/MAMP/htdocs/pulsar/protected/yii-1.1.13/framework/web/CWebApplication.php:286
Stack trace:
#0 /Applications/MAMP/htdocs/pulsar/protected/yii-1.1.13/framework/web/CWebApplication.php(141): CWebApplication->runController(''http://www.pul...')
#1 /Applications/MAMP/htdocs/pulsar/protected/yii-1.1.13/framework/base/CApplication.php(169): CWebApplication->processRequest()
#2 /Applications/MAMP/htdocs/pulsar/index.php(13): CApplication->run()
#3 {main}
REQUEST_URI=/pulsar/%27http://www.pulsarimagens.com.br/bancoImagens/07GG463p.jpg
HTTP_REFERER=http://localhost:8888/pulsar/
---
2014/04/15 16:41:22 [error] [exception.CHttpException.404] exception 'CHttpException' with message 'Unable to resolve the request "'http://www.pulsarimagens.com.br/bancoImagens/03AT404p.jpg".' in /Applications/MAMP/htdocs/pulsar/protected/yii-1.1.13/framework/web/CWebApplication.php:286
Stack trace:
#0 /Applications/MAMP/htdocs/pulsar/protected/yii-1.1.13/framework/web/CWebApplication.php(141): CWebApplication->runController(''http://www.pul...')
#1 /Applications/MAMP/htdocs/pulsar/protected/yii-1.1.13/framework/base/CApplication.php(169): CWebApplication->processRequest()
#2 /Applications/MAMP/htdocs/pulsar/index.php(13): CApplication->run()
#3 {main}
REQUEST_URI=/pulsar/%27http://www.pulsarimagens.com.br/bancoImagens/03AT404p.jpg
HTTP_REFERER=http://localhost:8888/pulsar/
---
2014/04/15 16:41:22 [error] [exception.CHttpException.404] exception 'CHttpException' with message 'Unable to resolve the request "'http://www.pulsarimagens.com.br/bancoImagens/IS140133p.jpg".' in /Applications/MAMP/htdocs/pulsar/protected/yii-1.1.13/framework/web/CWebApplication.php:286
Stack trace:
#0 /Applications/MAMP/htdocs/pulsar/protected/yii-1.1.13/framework/web/CWebApplication.php(141): CWebApplication->runController(''http://www.pul...')
#1 /Applications/MAMP/htdocs/pulsar/protected/yii-1.1.13/framework/base/CApplication.php(169): CWebApplication->processRequest()
#2 /Applications/MAMP/htdocs/pulsar/index.php(13): CApplication->run()
#3 {main}
REQUEST_URI=/pulsar/%27http://www.pulsarimagens.com.br/bancoImagens/IS140133p.jpg
HTTP_REFERER=http://localhost:8888/pulsar/
---
2014/04/15 16:41:22 [error] [exception.CHttpException.404] exception 'CHttpException' with message 'Unable to resolve the request "'http://www.pulsarimagens.com.br/bancoImagens/11CD734p.jpg".' in /Applications/MAMP/htdocs/pulsar/protected/yii-1.1.13/framework/web/CWebApplication.php:286
Stack trace:
#0 /Applications/MAMP/htdocs/pulsar/protected/yii-1.1.13/framework/web/CWebApplication.php(141): CWebApplication->runController(''http://www.pul...')
#1 /Applications/MAMP/htdocs/pulsar/protected/yii-1.1.13/framework/base/CApplication.php(169): CWebApplication->processRequest()
#2 /Applications/MAMP/htdocs/pulsar/index.php(13): CApplication->run()
#3 {main}
REQUEST_URI=/pulsar/%27http://www.pulsarimagens.com.br/bancoImagens/11CD734p.jpg
HTTP_REFERER=http://localhost:8888/pulsar/
---
2014/04/15 16:41:22 [error] [exception.CHttpException.404] exception 'CHttpException' with message 'Unable to resolve the request "'http://www.pulsarimagens.com.br/bancoImagens/MR140080p.jpg".' in /Applications/MAMP/htdocs/pulsar/protected/yii-1.1.13/framework/web/CWebApplication.php:286
Stack trace:
#0 /Applications/MAMP/htdocs/pulsar/protected/yii-1.1.13/framework/web/CWebApplication.php(141): CWebApplication->runController(''http://www.pul...')
#1 /Applications/MAMP/htdocs/pulsar/protected/yii-1.1.13/framework/base/CApplication.php(169): CWebApplication->processRequest()
#2 /Applications/MAMP/htdocs/pulsar/index.php(13): CApplication->run()
#3 {main}
REQUEST_URI=/pulsar/%27http://www.pulsarimagens.com.br/bancoImagens/MR140080p.jpg
HTTP_REFERER=http://localhost:8888/pulsar/
---
2014/04/15 16:41:22 [error] [exception.CHttpException.404] exception 'CHttpException' with message 'Unable to resolve the request "'http://www.pulsarimagens.com.br/bancoImagens/04MF701p.jpg".' in /Applications/MAMP/htdocs/pulsar/protected/yii-1.1.13/framework/web/CWebApplication.php:286
Stack trace:
#0 /Applications/MAMP/htdocs/pulsar/protected/yii-1.1.13/framework/web/CWebApplication.php(141): CWebApplication->runController(''http://www.pul...')
#1 /Applications/MAMP/htdocs/pulsar/protected/yii-1.1.13/framework/base/CApplication.php(169): CWebApplication->processRequest()
#2 /Applications/MAMP/htdocs/pulsar/index.php(13): CApplication->run()
#3 {main}
REQUEST_URI=/pulsar/%27http://www.pulsarimagens.com.br/bancoImagens/04MF701p.jpg
HTTP_REFERER=http://localhost:8888/pulsar/
---
2014/04/15 16:41:22 [error] [exception.CHttpException.404] exception 'CHttpException' with message 'Unable to resolve the request "'http://www.pulsarimagens.com.br/bancoImagens/14RC596p.jpg".' in /Applications/MAMP/htdocs/pulsar/protected/yii-1.1.13/framework/web/CWebApplication.php:286
Stack trace:
#0 /Applications/MAMP/htdocs/pulsar/protected/yii-1.1.13/framework/web/CWebApplication.php(141): CWebApplication->runController(''http://www.pul...')
#1 /Applications/MAMP/htdocs/pulsar/protected/yii-1.1.13/framework/base/CApplication.php(169): CWebApplication->processRequest()
#2 /Applications/MAMP/htdocs/pulsar/index.php(13): CApplication->run()
#3 {main}
REQUEST_URI=/pulsar/%27http://www.pulsarimagens.com.br/bancoImagens/14RC596p.jpg
HTTP_REFERER=http://localhost:8888/pulsar/
---
2014/04/15 16:41:22 [error] [exception.CHttpException.404] exception 'CHttpException' with message 'Unable to resolve the request "'http://www.pulsarimagens.com.br/bancoImagens/21JPR339p.jpg".' in /Applications/MAMP/htdocs/pulsar/protected/yii-1.1.13/framework/web/CWebApplication.php:286
Stack trace:
#0 /Applications/MAMP/htdocs/pulsar/protected/yii-1.1.13/framework/web/CWebApplication.php(141): CWebApplication->runController(''http://www.pul...')
#1 /Applications/MAMP/htdocs/pulsar/protected/yii-1.1.13/framework/base/CApplication.php(169): CWebApplication->processRequest()
#2 /Applications/MAMP/htdocs/pulsar/index.php(13): CApplication->run()
#3 {main}
REQUEST_URI=/pulsar/%27http://www.pulsarimagens.com.br/bancoImagens/21JPR339p.jpg
HTTP_REFERER=http://localhost:8888/pulsar/
---
2014/04/15 16:41:22 [error] [exception.CHttpException.404] exception 'CHttpException' with message 'Unable to resolve the request "'http://www.pulsarimagens.com.br/bancoImagens/01SPE495p.jpg".' in /Applications/MAMP/htdocs/pulsar/protected/yii-1.1.13/framework/web/CWebApplication.php:286
Stack trace:
#0 /Applications/MAMP/htdocs/pulsar/protected/yii-1.1.13/framework/web/CWebApplication.php(141): CWebApplication->runController(''http://www.pul...')
#1 /Applications/MAMP/htdocs/pulsar/protected/yii-1.1.13/framework/base/CApplication.php(169): CWebApplication->processRequest()
#2 /Applications/MAMP/htdocs/pulsar/index.php(13): CApplication->run()
#3 {main}
REQUEST_URI=/pulsar/%27http://www.pulsarimagens.com.br/bancoImagens/01SPE495p.jpg
HTTP_REFERER=http://localhost:8888/pulsar/
---
2014/04/15 16:41:22 [error] [exception.CHttpException.404] exception 'CHttpException' with message 'Unable to resolve the request "'http://www.pulsarimagens.com.br/bancoImagens/SP140068p.jpg".' in /Applications/MAMP/htdocs/pulsar/protected/yii-1.1.13/framework/web/CWebApplication.php:286
Stack trace:
#0 /Applications/MAMP/htdocs/pulsar/protected/yii-1.1.13/framework/web/CWebApplication.php(141): CWebApplication->runController(''http://www.pul...')
#1 /Applications/MAMP/htdocs/pulsar/protected/yii-1.1.13/framework/base/CApplication.php(169): CWebApplication->processRequest()
#2 /Applications/MAMP/htdocs/pulsar/index.php(13): CApplication->run()
#3 {main}
REQUEST_URI=/pulsar/%27http://www.pulsarimagens.com.br/bancoImagens/SP140068p.jpg
HTTP_REFERER=http://localhost:8888/pulsar/
---
2014/04/15 16:41:22 [error] [exception.CHttpException.404] exception 'CHttpException' with message 'Unable to resolve the request "'http://www.pulsarimagens.com.br/bancoImagens/60DM192p.jpg".' in /Applications/MAMP/htdocs/pulsar/protected/yii-1.1.13/framework/web/CWebApplication.php:286
Stack trace:
#0 /Applications/MAMP/htdocs/pulsar/protected/yii-1.1.13/framework/web/CWebApplication.php(141): CWebApplication->runController(''http://www.pul...')
#1 /Applications/MAMP/htdocs/pulsar/protected/yii-1.1.13/framework/base/CApplication.php(169): CWebApplication->processRequest()
#2 /Applications/MAMP/htdocs/pulsar/index.php(13): CApplication->run()
#3 {main}
REQUEST_URI=/pulsar/%27http://www.pulsarimagens.com.br/bancoImagens/60DM192p.jpg
HTTP_REFERER=http://localhost:8888/pulsar/
---
2014/04/15 16:41:22 [error] [exception.CHttpException.404] exception 'CHttpException' with message 'Unable to resolve the request "'http://www.pulsarimagens.com.br/bancoImagens/01DCU266p.jpg".' in /Applications/MAMP/htdocs/pulsar/protected/yii-1.1.13/framework/web/CWebApplication.php:286
Stack trace:
#0 /Applications/MAMP/htdocs/pulsar/protected/yii-1.1.13/framework/web/CWebApplication.php(141): CWebApplication->runController(''http://www.pul...')
#1 /Applications/MAMP/htdocs/pulsar/protected/yii-1.1.13/framework/base/CApplication.php(169): CWebApplication->processRequest()
#2 /Applications/MAMP/htdocs/pulsar/index.php(13): CApplication->run()
#3 {main}
REQUEST_URI=/pulsar/%27http://www.pulsarimagens.com.br/bancoImagens/01DCU266p.jpg
HTTP_REFERER=http://localhost:8888/pulsar/
---
2014/04/15 16:41:22 [error] [exception.CHttpException.404] exception 'CHttpException' with message 'Unable to resolve the request "'http://www.pulsarimagens.com.br/bancoImagens/03PF623p.jpg".' in /Applications/MAMP/htdocs/pulsar/protected/yii-1.1.13/framework/web/CWebApplication.php:286
Stack trace:
#0 /Applications/MAMP/htdocs/pulsar/protected/yii-1.1.13/framework/web/CWebApplication.php(141): CWebApplication->runController(''http://www.pul...')
#1 /Applications/MAMP/htdocs/pulsar/protected/yii-1.1.13/framework/base/CApplication.php(169): CWebApplication->processRequest()
#2 /Applications/MAMP/htdocs/pulsar/index.php(13): CApplication->run()
#3 {main}
REQUEST_URI=/pulsar/%27http://www.pulsarimagens.com.br/bancoImagens/03PF623p.jpg
HTTP_REFERER=http://localhost:8888/pulsar/
---
2014/04/15 16:41:22 [error] [exception.CHttpException.404] exception 'CHttpException' with message 'Unable to resolve the request "'http://www.pulsarimagens.com.br/bancoImagens/29MS065p.jpg".' in /Applications/MAMP/htdocs/pulsar/protected/yii-1.1.13/framework/web/CWebApplication.php:286
Stack trace:
#0 /Applications/MAMP/htdocs/pulsar/protected/yii-1.1.13/framework/web/CWebApplication.php(141): CWebApplication->runController(''http://www.pul...')
#1 /Applications/MAMP/htdocs/pulsar/protected/yii-1.1.13/framework/base/CApplication.php(169): CWebApplication->processRequest()
#2 /Applications/MAMP/htdocs/pulsar/index.php(13): CApplication->run()
#3 {main}
REQUEST_URI=/pulsar/%27http://www.pulsarimagens.com.br/bancoImagens/29MS065p.jpg
HTTP_REFERER=http://localhost:8888/pulsar/
---
2014/04/15 16:41:22 [error] [exception.CHttpException.404] exception 'CHttpException' with message 'Unable to resolve the request "'http://www.pulsarimagens.com.br/bancoImagens/03MAS014p.jpg".' in /Applications/MAMP/htdocs/pulsar/protected/yii-1.1.13/framework/web/CWebApplication.php:286
Stack trace:
#0 /Applications/MAMP/htdocs/pulsar/protected/yii-1.1.13/framework/web/CWebApplication.php(141): CWebApplication->runController(''http://www.pul...')
#1 /Applications/MAMP/htdocs/pulsar/protected/yii-1.1.13/framework/base/CApplication.php(169): CWebApplication->processRequest()
#2 /Applications/MAMP/htdocs/pulsar/index.php(13): CApplication->run()
#3 {main}
REQUEST_URI=/pulsar/%27http://www.pulsarimagens.com.br/bancoImagens/03MAS014p.jpg
HTTP_REFERER=http://localhost:8888/pulsar/
---
2014/04/15 16:41:22 [error] [exception.CHttpException.404] exception 'CHttpException' with message 'Unable to resolve the request "'http://www.pulsarimagens.com.br/bancoImagens/01ALF372p.jpg".' in /Applications/MAMP/htdocs/pulsar/protected/yii-1.1.13/framework/web/CWebApplication.php:286
Stack trace:
#0 /Applications/MAMP/htdocs/pulsar/protected/yii-1.1.13/framework/web/CWebApplication.php(141): CWebApplication->runController(''http://www.pul...')
#1 /Applications/MAMP/htdocs/pulsar/protected/yii-1.1.13/framework/base/CApplication.php(169): CWebApplication->processRequest()
#2 /Applications/MAMP/htdocs/pulsar/index.php(13): CApplication->run()
#3 {main}
REQUEST_URI=/pulsar/%27http://www.pulsarimagens.com.br/bancoImagens/01ALF372p.jpg
HTTP_REFERER=http://localhost:8888/pulsar/
---
2014/04/15 16:41:22 [error] [exception.CHttpException.404] exception 'CHttpException' with message 'Unable to resolve the request "'http://www.pulsarimagens.com.br/bancoImagens/JVM140031p.jpg".' in /Applications/MAMP/htdocs/pulsar/protected/yii-1.1.13/framework/web/CWebApplication.php:286
Stack trace:
#0 /Applications/MAMP/htdocs/pulsar/protected/yii-1.1.13/framework/web/CWebApplication.php(141): CWebApplication->runController(''http://www.pul...')
#1 /Applications/MAMP/htdocs/pulsar/protected/yii-1.1.13/framework/base/CApplication.php(169): CWebApplication->processRequest()
#2 /Applications/MAMP/htdocs/pulsar/index.php(13): CApplication->run()
#3 {main}
REQUEST_URI=/pulsar/%27http://www.pulsarimagens.com.br/bancoImagens/JVM140031p.jpg
HTTP_REFERER=http://localhost:8888/pulsar/
---
2014/04/15 16:41:22 [error] [exception.CHttpException.404] exception 'CHttpException' with message 'Unable to resolve the request "'http://www.pulsarimagens.com.br/bancoImagens/AR141000p.jpg".' in /Applications/MAMP/htdocs/pulsar/protected/yii-1.1.13/framework/web/CWebApplication.php:286
Stack trace:
#0 /Applications/MAMP/htdocs/pulsar/protected/yii-1.1.13/framework/web/CWebApplication.php(141): CWebApplication->runController(''http://www.pul...')
#1 /Applications/MAMP/htdocs/pulsar/protected/yii-1.1.13/framework/base/CApplication.php(169): CWebApplication->processRequest()
#2 /Applications/MAMP/htdocs/pulsar/index.php(13): CApplication->run()
#3 {main}
REQUEST_URI=/pulsar/%27http://www.pulsarimagens.com.br/bancoImagens/AR141000p.jpg
HTTP_REFERER=http://localhost:8888/pulsar/
---
2014/04/15 16:41:22 [error] [exception.CHttpException.404] exception 'CHttpException' with message 'Unable to resolve the request "'http://www.pulsarimagens.com.br/bancoImagens/03EG615p.jpg".' in /Applications/MAMP/htdocs/pulsar/protected/yii-1.1.13/framework/web/CWebApplication.php:286
Stack trace:
#0 /Applications/MAMP/htdocs/pulsar/protected/yii-1.1.13/framework/web/CWebApplication.php(141): CWebApplication->runController(''http://www.pul...')
#1 /Applications/MAMP/htdocs/pulsar/protected/yii-1.1.13/framework/base/CApplication.php(169): CWebApplication->processRequest()
#2 /Applications/MAMP/htdocs/pulsar/index.php(13): CApplication->run()
#3 {main}
REQUEST_URI=/pulsar/%27http://www.pulsarimagens.com.br/bancoImagens/03EG615p.jpg
HTTP_REFERER=http://localhost:8888/pulsar/
---
2014/04/15 16:41:22 [error] [exception.CHttpException.404] exception 'CHttpException' with message 'Unable to resolve the request "'http://www.pulsarimagens.com.br/bancoImagens/07GG463p.jpg".' in /Applications/MAMP/htdocs/pulsar/protected/yii-1.1.13/framework/web/CWebApplication.php:286
Stack trace:
#0 /Applications/MAMP/htdocs/pulsar/protected/yii-1.1.13/framework/web/CWebApplication.php(141): CWebApplication->runController(''http://www.pul...')
#1 /Applications/MAMP/htdocs/pulsar/protected/yii-1.1.13/framework/base/CApplication.php(169): CWebApplication->processRequest()
#2 /Applications/MAMP/htdocs/pulsar/index.php(13): CApplication->run()
#3 {main}
REQUEST_URI=/pulsar/%27http://www.pulsarimagens.com.br/bancoImagens/07GG463p.jpg
HTTP_REFERER=http://localhost:8888/pulsar/
---
2014/04/15 17:57:10 [error] [exception.CHttpException.404] exception 'CHttpException' with message 'Unable to resolve the request "favicon.ico".' in /Applications/MAMP/htdocs/backup_pulsar/pulsar/protected/yii-1.1.13/framework/web/CWebApplication.php:286
Stack trace:
#0 /Applications/MAMP/htdocs/backup_pulsar/pulsar/protected/yii-1.1.13/framework/web/CWebApplication.php(141): CWebApplication->runController('favicon.ico')
#1 /Applications/MAMP/htdocs/backup_pulsar/pulsar/protected/yii-1.1.13/framework/base/CApplication.php(169): CWebApplication->processRequest()
#2 /Applications/MAMP/htdocs/backup_pulsar/pulsar/index.php(13): CApplication->run()
#3 {main}
REQUEST_URI=/backup_pulsar/pulsar/favicon.ico
---
2014/04/15 18:22:24 [error] [exception.CHttpException.404] exception 'CHttpException' with message 'Unable to resolve the request "pulsar".' in /Applications/MAMP/htdocs/pulsar/protected/yii-1.1.13/framework/web/CWebApplication.php:286
Stack trace:
#0 /Applications/MAMP/htdocs/pulsar/protected/yii-1.1.13/framework/web/CWebApplication.php(141): CWebApplication->runController('pulsar')
#1 /Applications/MAMP/htdocs/pulsar/protected/yii-1.1.13/framework/base/CApplication.php(169): CWebApplication->processRequest()
#2 /Applications/MAMP/htdocs/pulsar/index.php(13): CApplication->run()
#3 {main}
REQUEST_URI=/pulsar/pulsar/
---
2014/04/15 18:22:25 [error] [exception.CHttpException.404] exception 'CHttpException' with message 'Unable to resolve the request "pulsar/favicon.ico".' in /Applications/MAMP/htdocs/pulsar/protected/yii-1.1.13/framework/web/CWebApplication.php:286
Stack trace:
#0 /Applications/MAMP/htdocs/pulsar/protected/yii-1.1.13/framework/web/CWebApplication.php(141): CWebApplication->runController('pulsar/favicon....')
#1 /Applications/MAMP/htdocs/pulsar/protected/yii-1.1.13/framework/base/CApplication.php(169): CWebApplication->processRequest()
#2 /Applications/MAMP/htdocs/pulsar/index.php(13): CApplication->run()
#3 {main}
REQUEST_URI=/pulsar/pulsar/favicon.ico
---
2014/04/15 19:45:30 [error] [exception.CHttpException.404] exception 'CHttpException' with message 'Unable to resolve the request "images/home/01CD002.jpg".' in /Applications/MAMP/htdocs/pulsar/protected/yii-1.1.13/framework/web/CWebApplication.php:286
Stack trace:
#0 /Applications/MAMP/htdocs/pulsar/protected/yii-1.1.13/framework/web/CWebApplication.php(141): CWebApplication->runController('images/home/01C...')
#1 /Applications/MAMP/htdocs/pulsar/protected/yii-1.1.13/framework/base/CApplication.php(169): CWebApplication->processRequest()
#2 /Applications/MAMP/htdocs/pulsar/index.php(13): CApplication->run()
#3 {main}
REQUEST_URI=/pulsar/images/home/01CD002.jpg
HTTP_REFERER=http://localhost:8888/pulsar/
---
2014/04/15 19:47:35 [error] [php] Undefined variable: array (/Applications/MAMP/htdocs/pulsar/protected/views/home/index.php:98)
Stack trace:
#0 /Applications/MAMP/htdocs/pulsar/protected/yii-1.1.13/framework/web/CController.php(869): HomeController->renderFile()
#1 /Applications/MAMP/htdocs/pulsar/protected/yii-1.1.13/framework/web/CController.php(782): HomeController->renderPartial()
#2 /Applications/MAMP/htdocs/pulsar/protected/controllers/HomeController.php(38): HomeController->render()
#3 /Applications/MAMP/htdocs/pulsar/protected/yii-1.1.13/framework/web/actions/CInlineAction.php(49): HomeController->actionIndex()
#4 /Applications/MAMP/htdocs/pulsar/protected/yii-1.1.13/framework/web/CController.php(308): CInlineAction->runWithParams()
#5 /Applications/MAMP/htdocs/pulsar/protected/yii-1.1.13/framework/web/CController.php(286): HomeController->runAction()
#6 /Applications/MAMP/htdocs/pulsar/protected/yii-1.1.13/framework/web/CController.php(265): HomeController->runActionWithFilters()
#7 /Applications/MAMP/htdocs/pulsar/protected/yii-1.1.13/framework/web/CWebApplication.php(282): HomeController->run()
#8 /Applications/MAMP/htdocs/pulsar/protected/yii-1.1.13/framework/web/CWebApplication.php(141): CWebApplication->runController()
#9 /Applications/MAMP/htdocs/pulsar/protected/yii-1.1.13/framework/base/CApplication.php(169): CWebApplication->processRequest()
#10 /Applications/MAMP/htdocs/pulsar/index.php(13): CWebApplication->run()
REQUEST_URI=/pulsar/
2014/04/15 19:47:46 [error] [php] Undefined variable: array (/Applications/MAMP/htdocs/pulsar/protected/views/home/index.php:98)
Stack trace:
#0 /Applications/MAMP/htdocs/pulsar/protected/yii-1.1.13/framework/web/CController.php(869): HomeController->renderFile()
#1 /Applications/MAMP/htdocs/pulsar/protected/yii-1.1.13/framework/web/CController.php(782): HomeController->renderPartial()
#2 /Applications/MAMP/htdocs/pulsar/protected/controllers/HomeController.php(38): HomeController->render()
#3 /Applications/MAMP/htdocs/pulsar/protected/yii-1.1.13/framework/web/actions/CInlineAction.php(49): HomeController->actionIndex()
#4 /Applications/MAMP/htdocs/pulsar/protected/yii-1.1.13/framework/web/CController.php(308): CInlineAction->runWithParams()
#5 /Applications/MAMP/htdocs/pulsar/protected/yii-1.1.13/framework/web/CController.php(286): HomeController->runAction()
#6 /Applications/MAMP/htdocs/pulsar/protected/yii-1.1.13/framework/web/CController.php(265): HomeController->runActionWithFilters()
#7 /Applications/MAMP/htdocs/pulsar/protected/yii-1.1.13/framework/web/CWebApplication.php(282): HomeController->run()
#8 /Applications/MAMP/htdocs/pulsar/protected/yii-1.1.13/framework/web/CWebApplication.php(141): CWebApplication->runController()
#9 /Applications/MAMP/htdocs/pulsar/protected/yii-1.1.13/framework/base/CApplication.php(169): CWebApplication->processRequest()
#10 /Applications/MAMP/htdocs/pulsar/index.php(13): CWebApplication->run()
REQUEST_URI=/pulsar/
2014/04/15 19:51:59 [error] [php] ctype_alpha() expects exactly 1 parameter, 0 given (/Applications/MAMP/htdocs/pulsar/protected/views/home/index.php:98)
Stack trace:
#0 /Applications/MAMP/htdocs/pulsar/protected/yii-1.1.13/framework/web/CBaseController.php(95): HomeController->renderInternal()
#1 /Applications/MAMP/htdocs/pulsar/protected/yii-1.1.13/framework/web/CController.php(869): HomeController->renderFile()
#2 /Applications/MAMP/htdocs/pulsar/protected/yii-1.1.13/framework/web/CController.php(782): HomeController->renderPartial()
#3 /Applications/MAMP/htdocs/pulsar/protected/controllers/HomeController.php(38): HomeController->render()
#4 /Applications/MAMP/htdocs/pulsar/protected/yii-1.1.13/framework/web/actions/CInlineAction.php(49): HomeController->actionIndex()
#5 /Applications/MAMP/htdocs/pulsar/protected/yii-1.1.13/framework/web/CController.php(308): CInlineAction->runWithParams()
#6 /Applications/MAMP/htdocs/pulsar/protected/yii-1.1.13/framework/web/CController.php(286): HomeController->runAction()
#7 /Applications/MAMP/htdocs/pulsar/protected/yii-1.1.13/framework/web/CController.php(265): HomeController->runActionWithFilters()
#8 /Applications/MAMP/htdocs/pulsar/protected/yii-1.1.13/framework/web/CWebApplication.php(282): HomeController->run()
#9 /Applications/MAMP/htdocs/pulsar/protected/yii-1.1.13/framework/web/CWebApplication.php(141): CWebApplication->runController()
#10 /Applications/MAMP/htdocs/pulsar/protected/yii-1.1.13/framework/base/CApplication.php(169): CWebApplication->processRequest()
#11 /Applications/MAMP/htdocs/pulsar/index.php(13): CWebApplication->run()
REQUEST_URI=/pulsar/
2014/04/15 19:52:13 [error] [php] substr() expects parameter 1 to be string, array given (/Applications/MAMP/htdocs/pulsar/protected/views/home/index.php:111)
Stack trace:
#0 /Applications/MAMP/htdocs/pulsar/protected/yii-1.1.13/framework/web/CBaseController.php(95): HomeController->renderInternal()
#1 /Applications/MAMP/htdocs/pulsar/protected/yii-1.1.13/framework/web/CController.php(869): HomeController->renderFile()
#2 /Applications/MAMP/htdocs/pulsar/protected/yii-1.1.13/framework/web/CController.php(782): HomeController->renderPartial()
#3 /Applications/MAMP/htdocs/pulsar/protected/controllers/HomeController.php(38): HomeController->render()
#4 /Applications/MAMP/htdocs/pulsar/protected/yii-1.1.13/framework/web/actions/CInlineAction.php(49): HomeController->actionIndex()
#5 /Applications/MAMP/htdocs/pulsar/protected/yii-1.1.13/framework/web/CController.php(308): CInlineAction->runWithParams()
#6 /Applications/MAMP/htdocs/pulsar/protected/yii-1.1.13/framework/web/CController.php(286): HomeController->runAction()
#7 /Applications/MAMP/htdocs/pulsar/protected/yii-1.1.13/framework/web/CController.php(265): HomeController->runActionWithFilters()
#8 /Applications/MAMP/htdocs/pulsar/protected/yii-1.1.13/framework/web/CWebApplication.php(282): HomeController->run()
#9 /Applications/MAMP/htdocs/pulsar/protected/yii-1.1.13/framework/web/CWebApplication.php(141): CWebApplication->runController()
#10 /Applications/MAMP/htdocs/pulsar/protected/yii-1.1.13/framework/base/CApplication.php(169): CWebApplication->processRequest()
#11 /Applications/MAMP/htdocs/pulsar/index.php(13): CWebApplication->run()
REQUEST_URI=/pulsar/
